<?xml version="1.0" encoding="UTF-8"?>
<testng-results skipped="0" failed="0" total="6" passed="6">
  <reporter-output>
    <line>
      <![CDATA[tc001 executed]]>
    </line>
    <line>
      <![CDATA[tc001 executed]]>
    </line>
    <line>
      <![CDATA[tc001 executed]]>
    </line>
    <line>
      <![CDATA[tc001 executed]]>
    </line>
    <line>
      <![CDATA[tc001 executed]]>
    </line>
    <line>
      <![CDATA[tc001 executed]]>
    </line>
  </reporter-output>
  <suite name="default" duration-ms="55" started-at="2019-08-24T06:42:33Z" finished-at="2019-08-24T06:42:33Z">
    <groups>
    </groups>
    <test name="default_test" duration-ms="55" started-at="2019-08-24T06:42:33Z" finished-at="2019-08-24T06:42:33Z">
      <class name="p2.MyTest2">
        <test-method status="PASS" signature="tc001()[pri:0, instance:p2.MyTest2@2aaf7cc2]" name="tc001" duration-ms="1" started-at="2019-08-24T12:12:33Z" finished-at="2019-08-24T12:12:33Z">
          <reporter-output>
            <line>
              <![CDATA[tc001 executed]]>
            </line>
          </reporter-output>
        </test-method> <!-- tc001 -->
        <test-method status="PASS" signature="tc002()[pri:0, instance:p2.MyTest2@2aaf7cc2]" name="tc002" duration-ms="0" started-at="2019-08-24T12:12:33Z" finished-at="2019-08-24T12:12:33Z">
          <reporter-output>
            <line>
              <![CDATA[tc001 executed]]>
            </line>
          </reporter-output>
        </test-method> <!-- tc002 -->
        <test-method status="PASS" signature="tc003()[pri:0, instance:p2.MyTest2@2aaf7cc2]" name="tc003" duration-ms="0" started-at="2019-08-24T12:12:33Z" finished-at="2019-08-24T12:12:33Z">
          <reporter-output>
            <line>
              <![CDATA[tc001 executed]]>
            </line>
          </reporter-output>
        </test-method> <!-- tc003 -->
      </class> <!-- p2.MyTest2 -->
      <class name="p1.MyTest1">
        <test-method status="PASS" signature="tc001()[pri:0, instance:p1.MyTest1@6ad5c04e]" name="tc001" duration-ms="21" started-at="2019-08-24T12:12:33Z" finished-at="2019-08-24T12:12:33Z">
          <reporter-output>
            <line>
              <![CDATA[tc001 executed]]>
            </line>
          </reporter-output>
        </test-method> <!-- tc001 -->
        <test-method status="PASS" signature="tc002()[pri:0, instance:p1.MyTest1@6ad5c04e]" name="tc002" duration-ms="1" started-at="2019-08-24T12:12:33Z" finished-at="2019-08-24T12:12:33Z">
          <reporter-output>
            <line>
              <![CDATA[tc001 executed]]>
            </line>
          </reporter-output>
        </test-method> <!-- tc002 -->
        <test-method status="PASS" signature="tc003()[pri:0, instance:p1.MyTest1@6ad5c04e]" name="tc003" duration-ms="6" started-at="2019-08-24T12:12:33Z" finished-at="2019-08-24T12:12:33Z">
          <reporter-output>
            <line>
              <![CDATA[tc001 executed]]>
            </line>
          </reporter-output>
        </test-method> <!-- tc003 -->
      </class> <!-- p1.MyTest1 -->
    </test> <!-- default_test -->
  </suite> <!-- default -->
</testng-results>
